<component name="libraryTable">
  <library name="junit-jupiter-api-5.8.0-M1">
    <CLASSES>
      <root url="jar://$PROJECT_DIR$/junit-jupiter-api-5.8.0-M1.jar!/" />
      <root url="jar://$PROJECT_DIR$/junit-jupiter-engine-5.8.0-M1.jar!/" />
      <root url="jar://$PROJECT_DIR$/junit-jupiter-params-5.8.0-M1.jar!/" />
      <root url="jar://$PROJECT_DIR$/junit-platform-commons-1.8.0-M1.jar!/" />
      <root url="jar://$PROJECT_DIR$/junit-platform-engine-1.8.0-M1.jar!/" />
    </CLASSES>
    <JAVADOC />
    <SOURCES />
  </library>
</component>